<?xml version="1.0" encoding="UTF-8"?>
<!-- Generated by org.testng.reporters.JUnitReportReporter -->
<testsuite skipped="0" hostname="DESKTOP-1D1OHTF" name="Testmaven" tests="2" failures="0" timestamp="2020-06-01T12:12:13 EDT" time="0.019" errors="0">
  <testcase name="ForLoop" time="0.019" classname="Testmaven"/>
  <system-out/>
  <testcase name="WhileLoop" time="0.000" classname="Testmaven"/>
  <system-out/>
</testsuite> <!-- Testmaven -->
