<?xml version="1.0" encoding="UTF-8"?>
<!-- Generated by org.testng.reporters.JUnitReportReporter -->
<testsuite skipped="0" hostname="DESKTOP-1D1OHTF" name="javaclass.loops" tests="2" failures="0" timestamp="2020-06-01T12:16:16 EDT" time="0.033" errors="0">
  <testcase name="WhileLoop" time="0.010" classname="javaclass.loops"/>
  <system-out/>
  <testcase name="ForLoop" time="0.023" classname="javaclass.loops"/>
  <system-out/>
</testsuite> <!-- javaclass.loops -->
