<?xml version="1.0" encoding="UTF-8"?>
<!-- Generated by org.testng.reporters.JUnitReportReporter -->
<testsuite skipped="0" hostname="DESKTOP-1D1OHTF" name="javaclass.loopwhile" tests="2" failures="0" timestamp="2020-06-05T14:19:01 EDT" time="0.019" errors="0">
  <testcase name="while01" time="0.005" classname="javaclass.loopwhile"/>
  <system-out/>
  <testcase name="erry" time="0.014" classname="javaclass.loopwhile"/>
  <system-out/>
</testsuite> <!-- javaclass.loopwhile -->
